<?xml version="1.0" encoding="UTF-8"?>
<testng-results ignored="1" total="3" passed="2" failed="0" skipped="0">
  <reporter-output>
  </reporter-output>
  <suite started-at="2023-01-30T10:24:44 IST" name="Default suite" finished-at="2023-01-30T10:24:55 IST" duration-ms="10801">
    <groups>
    </groups>
    <test started-at="2023-01-30T10:24:44 IST" name="Default test" finished-at="2023-01-30T10:24:55 IST" duration-ms="10801">
      <class name="com.test.HomePageTestCases">
        <test-method is-config="true" signature="setUp()[pri:0, instance:com.test.HomePageTestCases@4145bad8]" started-at="2023-01-30T10:24:44 IST" name="setUp" finished-at="2023-01-30T10:24:49 IST" duration-ms="5202" status="PASS">
          <reporter-output>
          </reporter-output>
        </test-method> <!-- setUp -->
        <test-method signature="clickOnSignUpButton()[pri:1, instance:com.test.HomePageTestCases@4145bad8]" started-at="2023-01-30T10:24:49 IST" name="clickOnSignUpButton" finished-at="2023-01-30T10:24:51 IST" duration-ms="2101" status="PASS">
          <reporter-output>
          </reporter-output>
        </test-method> <!-- clickOnSignUpButton -->
        <test-method signature="clickOnLoginButton()[pri:2, instance:com.test.HomePageTestCases@4145bad8]" started-at="2023-01-30T10:24:51 IST" name="clickOnLoginButton" finished-at="2023-01-30T10:24:55 IST" duration-ms="3417" status="PASS">
          <reporter-output>
          </reporter-output>
        </test-method> <!-- clickOnLoginButton -->
      </class> <!-- com.test.HomePageTestCases -->
    </test> <!-- Default test -->
  </suite> <!-- Default suite -->
</testng-results>
