<?xml version="1.0" encoding="UTF-8"?>
<!-- Generated by org.testng.reporters.JUnitXMLReporter -->
<testsuite ignored="1" hostname="Arun" failures="1" tests="2" name="Test" time="14.096" errors="0" timestamp="2023-01-29T13:35:14 IST">
  <testcase classname="com.test.HomePageTestCases" name="clickOnSignUpButton" time="1.973"/>
  <testcase classname="com.test.HomePageTestCases" name="clickOnLoginButton" time="0.927">
    <failure type="java.lang.StringIndexOutOfBoundsException" message="begin 8, end 0, length 0">
      <![CDATA[java.lang.StringIndexOutOfBoundsException: begin 8, end 0, length 0
at java.base/java.lang.String.checkBoundsBeginEnd(String.java:4604)
at java.base/java.lang.String.substring(String.java:2707)
at com.page.HomePage.userName(HomePage.java:143)
at com.test.HomePageTestCases.clickOnLoginButton(HomePageTestCases.java:54)
at java.base/java.util.ArrayList.forEach(ArrayList.java:1511)
... Removed 27 stack frames]]>
    </failure>
  </testcase> <!-- clickOnLoginButton -->
  <testcase classname="com.test.HomePageTestCases" name="clickOnContactButton" time="0.0">
    <ignored/>
  </testcase> <!-- clickOnContactButton -->
</testsuite> <!-- Test -->
