<?xml version="1.0" encoding="UTF-8"?>
<!-- Generated by org.testng.reporters.JUnitXMLReporter -->
<testsuite ignored="1" hostname="Arun" failures="0" tests="2" name="Default test" time="10.801" errors="0" timestamp="2023-01-30T10:24:55 IST">
  <testcase classname="com.test.HomePageTestCases" name="clickOnSignUpButton" time="2.101"/>
  <testcase classname="com.test.HomePageTestCases" name="clickOnLoginButton" time="3.417"/>
  <testcase classname="com.test.HomePageTestCases" name="clickOnContactButton" time="0.0">
    <ignored/>
  </testcase> <!-- clickOnContactButton -->
</testsuite> <!-- Default test -->
